  Game.cpp
  GameObject.cpp
  GameSnow.cpp
  main.cpp
  Player.cpp
D:\10-ProjetVolumineux\ProgAvance\TP2\ProgAv_TP2_Neige\ProgAv_TP2_Neige\Player.cpp(109,16): warning C4244: 'initialisation' : conversion de 'double' en 'int', perte possible de données
D:\10-ProjetVolumineux\ProgAvance\TP2\ProgAv_TP2_Neige\ProgAv_TP2_Neige\Player.cpp(110,55): warning C4244: 'argument' : conversion de 'double' en 'int', perte possible de données
D:\10-ProjetVolumineux\ProgAvance\TP2\ProgAv_TP2_Neige\ProgAv_TP2_Neige\Player.cpp(110,36): warning C4244: 'argument' : conversion de 'double' en 'int', perte possible de données
  Snowflake.cpp
  SnowflakeNoContact.cpp
  SnowflakeRebound.cpp
  SnowflakeSine.cpp
  Génération de code en cours...
Game.obj : error LNK2019: symbole externe non résolu _SDL_PollEvent référencé dans la fonction "public: void __thiscall Game::loop(struct SDL_Renderer *)" (?loop@Game@@QAEXPAUSDL_Renderer@@@Z)
Game.obj : error LNK2019: symbole externe non résolu _SDL_GetTicks référencé dans la fonction "public: void __thiscall Game::loop(struct SDL_Renderer *)" (?loop@Game@@QAEXPAUSDL_Renderer@@@Z)
Game.obj : error LNK2019: symbole externe non résolu _SDL_Delay référencé dans la fonction "public: void __thiscall Game::loop(struct SDL_Renderer *)" (?loop@Game@@QAEXPAUSDL_Renderer@@@Z)
GameObject.obj : error LNK2019: symbole externe non résolu _SDL_SetRenderDrawColor référencé dans la fonction "public: virtual void __thiscall GameObject::render(struct SDL_Renderer *)const " (?render@GameObject@@UBEXPAUSDL_Renderer@@@Z)
GameSnow.obj : error LNK2001: symbole externe non résolu _SDL_SetRenderDrawColor
Player.obj : error LNK2001: symbole externe non résolu _SDL_SetRenderDrawColor
GameObject.obj : error LNK2019: symbole externe non résolu _SDL_RenderFillRect référencé dans la fonction "public: virtual void __thiscall GameObject::render(struct SDL_Renderer *)const " (?render@GameObject@@UBEXPAUSDL_Renderer@@@Z)
Player.obj : error LNK2001: symbole externe non résolu _SDL_RenderFillRect
GameSnow.obj : error LNK2019: symbole externe non résolu _SDL_GetMouseState référencé dans la fonction "public: virtual void __thiscall GameSnow::handleInput(union SDL_Event const &)" (?handleInput@GameSnow@@UAEXABTSDL_Event@@@Z)
GameSnow.obj : error LNK2019: symbole externe non résolu _SDL_RenderClear référencé dans la fonction "public: virtual void __thiscall GameSnow::render(struct SDL_Renderer *)const " (?render@GameSnow@@UBEXPAUSDL_Renderer@@@Z)
GameSnow.obj : error LNK2019: symbole externe non résolu _SDL_RenderPresent référencé dans la fonction "public: virtual void __thiscall GameSnow::render(struct SDL_Renderer *)const " (?render@GameSnow@@UBEXPAUSDL_Renderer@@@Z)
main.obj : error LNK2019: symbole externe non résolu _SDL_GetError référencé dans la fonction _SDL_main
main.obj : error LNK2019: symbole externe non résolu _SDL_CreateWindow référencé dans la fonction _SDL_main
main.obj : error LNK2019: symbole externe non résolu _SDL_DestroyWindow référencé dans la fonction _SDL_main
main.obj : error LNK2019: symbole externe non résolu _SDL_CreateRenderer référencé dans la fonction _SDL_main
main.obj : error LNK2019: symbole externe non résolu _SDL_RenderSetLogicalSize référencé dans la fonction _SDL_main
main.obj : error LNK2019: symbole externe non résolu _SDL_SetRenderDrawBlendMode référencé dans la fonction _SDL_main
main.obj : error LNK2019: symbole externe non résolu _SDL_Init référencé dans la fonction _SDL_main
main.obj : error LNK2019: symbole externe non résolu _SDL_Quit référencé dans la fonction _SDL_main
Player.obj : error LNK2019: symbole externe non résolu _SDL_RenderDrawLine référencé dans la fonction "public: virtual void __thiscall Player::render(struct SDL_Renderer *)const " (?render@Player@@UBEXPAUSDL_Renderer@@@Z)
MSVCRTD.lib(exe_main.obj) : error LNK2019: symbole externe non résolu _main référencé dans la fonction "int __cdecl invoke_main(void)" (?invoke_main@@YAHXZ)
D:\10-ProjetVolumineux\ProgAvance\TP2\ProgAv_TP2_Neige\Debug\Neige.exe : fatal error LNK1120: 18 externes non résolus
